<?xml version="1.0" encoding="UTF-8"?>
<!-- Generated by org.testng.reporters.JUnitReportReporter -->
<testsuite hostname="Vishu-QA-PC" name="MyProject.LogIn" tests="1" failures="0" timestamp="13 Dec 2015 05:11:09 GMT" time="34.122" errors="0">
  <testcase name="Actualtest" time="34.122" classname="MyProject.LogIn"/>
</testsuite> <!-- MyProject.LogIn -->
